Detecting compiler hash for triplet x64-linux...
All requested packages are currently installed.
Total install time: 1.04 us
vulkan is compatible with built-in CMake targets:

    # https://cmake.org/cmake/help/latest/module/FindVulkan.html
    find_package(Vulkan REQUIRED)
    target_link_libraries(main PRIVATE Vulkan::Vulkan)

sdl2 provides CMake targets:

    find_package(SDL2 CONFIG REQUIRED)
    target_link_libraries(main
        PRIVATE
        $<TARGET_NAME_IF_EXISTS:SDL2::SDL2main>
        $<IF:$<TARGET_EXISTS:SDL2::SDL2>,SDL2::SDL2,SDL2::SDL2-static>
    )

imgui provides CMake targets:

  # this is heuristically generated, and may not be correct
  find_package(imgui CONFIG REQUIRED)
  target_link_libraries(main PRIVATE imgui::imgui)

The package spdlog provides CMake targets:

    find_package(spdlog CONFIG REQUIRED)
    target_link_libraries(main PRIVATE spdlog::spdlog)

    # Or use the header-only version
    find_package(spdlog CONFIG REQUIRED)
    target_link_libraries(main PRIVATE spdlog::spdlog_header_only)

The package stb provides CMake targets:

    find_package(Stb REQUIRED)
    target_include_directories(main PRIVATE ${Stb_INCLUDE_DIR})
tinyobjloader provides CMake targets:

  # this is heuristically generated, and may not be correct
  find_package(tinyobjloader CONFIG REQUIRED)
  target_link_libraries(main PRIVATE tinyobjloader::tinyobjloader)

tinyobjloader provides pkg-config modules:

    # Tiny but powerful single file wavefront obj loader
    tinyobjloader

VulkanMemoryAllocator provides official find_package support. However, it requires the user to provide the include directory containing `vulkan/vulkan.h`. There are multiple ways to achieve this and VulkanMemoryAllocator is compatible with all of them.

    find_package(Vulkan) # https://cmake.org/cmake/help/latest/module/FindVulkan.html, CMake 3.21+
    find_package(VulkanMemoryAllocator CONFIG REQUIRED)
    target_link_libraries(main PRIVATE Vulkan::Vulkan GPUOpen::VulkanMemoryAllocator)

or

    find_package(Vulkan) # CMake 3.21+
    find_package(VulkanMemoryAllocator CONFIG REQUIRED)
    target_link_libraries(main PRIVATE Vulkan::Headers GPUOpen::VulkanMemoryAllocator)

or

    find_package(VulkanHeaders CONFIG) # From the vulkan-headers port
    find_package(VulkanMemoryAllocator CONFIG REQUIRED)
    target_link_libraries(main PRIVATE Vulkan::Headers GPUOpen::VulkanMemoryAllocator)

See the documentation for more information on setting up your project: https://gpuopen-librariesandsdks.github.io/VulkanMemoryAllocator/html/index.html

